Please report this error to author.
`:help eskk` to see author's e-mail address.

Fri 27 Aug 2021 11:17:53 PM JST

--- char ---
char: ' '(32)
mode(): i
--- char ---

--- exception ---
exception type: eskk exception
v:exception: eskk: main routine raised an error: eskk: assertion failed: system dict:'' ==# '/' (at autoload/eskk/util.vim) (at autoload/eskk.vim)
v:throwpoint: function eskk#filter[75]..<SNR>80_abbrev_filter[30]..<SNR>80_do_henkan[15]..<SNR>80_do_henkan_abbrev[13]..<SNR>98_Dictionary_refer[10]..<SNR>98_HenkanResult_update_candidate[1]..<SNR>98_HenkanResult_get_candidates[72]..eskk#util#assert, line 2

   function eskk#util#assert(cond, msg) abort
1      if !a:cond
2          throw eskk#util#build_error(   ['eskk', 'util'],   ['assertion failed', a:msg])
6      endif
   endfunction
--- exception ---

--- preedit ---
current phase: 1
phase: 0
rom_str: ''
matched pairs: []
phase: 1
rom_str: '/'
matched pairs: []
phase: 2
rom_str: ''
matched pairs: []
phase: 3
rom_str: ''
matched pairs: []
--- preedit ---

--- Vim's :version ---
NVIM v0.5.0
Build type: Release
LuaJIT 2.0.5
Compilation: /usr/bin/cc -D_FORTIFY_SOURCE=2 -march=x86-64 -mtune=generic -O2 -pipe -fno-plt -U_FORTIFY_SOURCE -D_FORTIFY_SOURCE=1 -DNVIM_TS_HAS_SET_MATCH_LIMIT -O2 -DNDEBUG -Wall -Wextra -pedantic -Wno-unused-parameter -Wstrict-prototypes -std=gnu99 -Wshadow -Wconversion -Wmissing-prototypes -Wimplicit-fallthrough -Wvla -fstack-protector-strong -fno-common -fdiagnostics-color=always -DINCLUDE_GENERATED_DECLARATIONS -D_GNU_SOURCE -DNVIM_MSGPACK_HAS_FLOAT32 -DNVIM_UNIBI_HAS_VAR_FROM -DMIN_LOG_LEVEL=3 -I/build/neovim/src/neovim-0.5.0/build/config -I/build/neovim/src/neovim-0.5.0/src -I/usr/include -I/build/neovim/src/neovim-0.5.0/build/src/nvim/auto -I/build/neovim/src/neovim-0.5.0/build/include
Compiled by builduser

Features: +acl +iconv +tui
See ":help feature-compile"

   system vimrc file: "$VIM/sysinit.vim"
  fall-back for $VIM: "/usr/share/nvim"

Run :checkhealth for more info
--- Vim's :version ---


--- Operating System ---
"uname -a" = Linux DESKTOP-KDE2R8J 5.10.16.3-microsoft-standard-WSL2 #1 SMP Fri Apr 2 22:23:49 UTC 2021 x86_64 GNU/Linux
--- Operating System ---

--- feature-list ---
gui_running = 0
unix = 1
mac = 0
macunix = 0
win16 = 0
win32 = 0
win64 = 0
win32unix = 0
win95 = 0
amiga = 0
beos = 0
dos16 = 0
dos32 = 0
os2 = 0
qnx = 0
vms = 0
--- feature-list ---
