Please report this error to author.
`:help eskk` to see author's e-mail address.

2021年09月06日 01時22分28秒

--- char ---
char: ''(0)
mode(): i
--- char ---

--- exception ---
exception type: Vim internal error
v:exception: Can't read '/home/taro/.skk-jisyo'!
v:throwpoint: function eskk#filter[75]..<SNR>96_asym_filter[56]..<SNR>96_do_henkan[17]..<SNR>96_do_henkan_other[56]..<SNR>115_Dictionary_refer[13]..<SNR>115_PhysicalDict_update_lines[9]..<SNR>115_PhysicalDict_update_lines_main, line 2

   function <SNR>115_PhysicalDict_update_lines_main() abort dict
1      unlockvar 1 self._content_lines
2      let self._content_lines  = readfile(self.path)
3      lockvar 1 self._content_lines
4      call self.parse_lines()
5   
6      let self._ftime_at_set = getftime(self.path)
   endfunction
--- exception ---

--- preedit ---
(no preedit)
--- preedit ---

--- Vim's :version ---
NVIM v0.5.0
Build type: Release
LuaJIT 2.0.5
Compilation: /usr/bin/cc -D_FORTIFY_SOURCE=2 -march=x86-64 -mtune=generic -O2 -pipe -fno-plt -U_FORTIFY_SOURCE -D_FORTIFY_SOURCE=1 -DNVIM_TS_HAS_SET_MATCH_LIMIT -O2 -DNDEBUG -Wall -Wextra -pedantic -Wno-unused-parameter -Wstrict-prototypes -std=gnu99 -Wshadow -Wconversion -Wmissing-prototypes -Wimplicit-fallthrough -Wvla -fstack-protector-strong -fno-common -fdiagnostics-color=always -DINCLUDE_GENERATED_DECLARATIONS -D_GNU_SOURCE -DNVIM_MSGPACK_HAS_FLOAT32 -DNVIM_UNIBI_HAS_VAR_FROM -DMIN_LOG_LEVEL=3 -I/build/neovim/src/neovim-0.5.0/build/config -I/build/neovim/src/neovim-0.5.0/src -I/usr/include -I/build/neovim/src/neovim-0.5.0/build/src/nvim/auto -I/build/neovim/src/neovim-0.5.0/build/include
Compiled by builduser

Features: +acl +iconv +tui
See ":help feature-compile"

   system vimrc file: "$VIM/sysinit.vim"
  fall-back for $VIM: "/usr/share/nvim"

Run :checkhealth for more info
--- Vim's :version ---


--- Operating System ---
"uname -a" = Linux taro-tobefilledbyoem 5.13.13-arch1-1 #1 SMP PREEMPT Thu, 26 Aug 2021 19:14:36 +0000 x86_64 GNU/Linux
--- Operating System ---

--- feature-list ---
gui_running = 0
unix = 1
mac = 0
macunix = 0
win16 = 0
win32 = 0
win64 = 0
win32unix = 0
win95 = 0
amiga = 0
beos = 0
dos16 = 0
dos32 = 0
os2 = 0
qnx = 0
vms = 0
--- feature-list ---
